<?xml version="1.0" encoding="UTF-8"?>
<!-- Generated by org.testng.reporters.JUnitReportReporter -->
<testsuite skipped="0" hostname="LAPTOP-30JJCLOG" name="Maventestproject.SeleniumTest" tests="2" failures="0" timestamp="24 Sep 2019 18:20:29 GMT" time="0.000" errors="0">
  <testcase name="BrowserAutomation" time="0.000" classname="Maventestproject.SeleniumTest"/>
  <testcase name="LoginAccount" time="0.000" classname="Maventestproject.SeleniumTest"/>
</testsuite> <!-- Maventestproject.SeleniumTest -->
