<?xml version="1.0" encoding="UTF-8"?>
<!-- Generated by org.testng.reporters.JUnitReportReporter -->
<testsuite skipped="0" hostname="LAPTOP-30JJCLOG" name="Maventestproject.AppiumTest" tests="2" failures="0" timestamp="24 Sep 2019 18:23:31 GMT" time="0.012" errors="0">
  <testcase name="AppiumAutomation" time="0.012" classname="Maventestproject.AppiumTest"/>
  <testcase name="AppiumLoginAccount" time="0.000" classname="Maventestproject.AppiumTest"/>
</testsuite> <!-- Maventestproject.AppiumTest -->
