<?xml version="1.0" encoding="UTF-8"?>
<!-- Generated by org.testng.reporters.JUnitReportReporter -->
<testsuite skipped="0" hostname="LAPTOP-30JJCLOG" name="Maventestproject.RestApiTest" tests="2" failures="0" timestamp="24 Sep 2019 18:19:37 GMT" time="0.000" errors="0">
  <testcase name="RestAutomation" time="0.000" classname="Maventestproject.RestApiTest"/>
  <testcase name="RestApiLoginAccount" time="0.000" classname="Maventestproject.RestApiTest"/>
</testsuite> <!-- Maventestproject.RestApiTest -->
